0 info it worked if it ends with ok
1 verbose cli [ '/usr/bin/nodejs', '/usr/bin/npm', 'run', 'start-dev' ]
2 info using npm@3.10.10
3 info using node@v6.11.1
4 verbose run-script [ 'prestart-dev', 'start-dev', 'poststart-dev' ]
5 info lifecycle marketgame@1.0.0~prestart-dev: marketgame@1.0.0
6 silly lifecycle marketgame@1.0.0~prestart-dev: no script for prestart-dev, continuing
7 info lifecycle marketgame@1.0.0~start-dev: marketgame@1.0.0
8 verbose lifecycle marketgame@1.0.0~start-dev: unsafe-perm in lifecycle true
9 verbose lifecycle marketgame@1.0.0~start-dev: PATH: /usr/lib/node_modules/npm/bin/node-gyp-bin:/home/anna/capstone/node_modules/.bin:/home/anna/bin:/home/anna/.local/bin:/usr/local/sbin:/usr/local/bin:/usr/sbin:/usr/bin:/sbin:/bin:/usr/games:/usr/local/games:/snap/bin
10 verbose lifecycle marketgame@1.0.0~start-dev: CWD: /home/anna/capstone
11 silly lifecycle marketgame@1.0.0~start-dev: Args: [ '-c', 'webpack -w & nodemon server/server.js' ]
12 silly lifecycle marketgame@1.0.0~start-dev: Returned: code: 137  signal: null
13 info lifecycle marketgame@1.0.0~start-dev: Failed to exec start-dev script
14 verbose stack Error: marketgame@1.0.0 start-dev: `webpack -w & nodemon server/server.js`
14 verbose stack Exit status 137
14 verbose stack     at EventEmitter.<anonymous> (/usr/lib/node_modules/npm/lib/utils/lifecycle.js:255:16)
14 verbose stack     at emitTwo (events.js:106:13)
14 verbose stack     at EventEmitter.emit (events.js:191:7)
14 verbose stack     at ChildProcess.<anonymous> (/usr/lib/node_modules/npm/lib/utils/spawn.js:40:14)
14 verbose stack     at emitTwo (events.js:106:13)
14 verbose stack     at ChildProcess.emit (events.js:191:7)
14 verbose stack     at maybeClose (internal/child_process.js:891:16)
14 verbose stack     at Process.ChildProcess._handle.onexit (internal/child_process.js:226:5)
15 verbose pkgid marketgame@1.0.0
16 verbose cwd /home/anna/capstone
17 error Linux 4.10.0-35-generic
18 error argv "/usr/bin/nodejs" "/usr/bin/npm" "run" "start-dev"
19 error node v6.11.1
20 error npm  v3.10.10
21 error code ELIFECYCLE
22 error marketgame@1.0.0 start-dev: `webpack -w & nodemon server/server.js`
22 error Exit status 137
23 error Failed at the marketgame@1.0.0 start-dev script 'webpack -w & nodemon server/server.js'.
23 error Make sure you have the latest version of node.js and npm installed.
23 error If you do, this is most likely a problem with the marketgame package,
23 error not with npm itself.
23 error Tell the author that this fails on your system:
23 error     webpack -w & nodemon server/server.js
23 error You can get information on how to open an issue for this project with:
23 error     npm bugs marketgame
23 error Or if that isn't available, you can get their info via:
23 error     npm owner ls marketgame
23 error There is likely additional logging output above.
24 verbose exit [ 1, true ]
